<?xml version="1.0" encoding="UTF-8"?>
<!-- Generated by org.testng.reporters.JUnitReportReporter -->
<testsuite hostname="LAPTOP-0KSESJRI" failures="0" tests="1" name="com.testing.banking_selenium_testing.AppTest" time="0.015" errors="0" timestamp="2024-01-09T13:25:08 IST" skipped="0">
  <testcase classname="com.testing.banking_selenium_testing.AppTest" name="testApp" time="0.015"/>
  <system-out/>
</testsuite> <!-- com.testing.banking_selenium_testing.AppTest -->
